[    00000] Iniiazing croup ubsys cpet
[    0.000000] Initalzig cgroup subsys cpu
[    0.000000] Initializing cgroup subsys cpuacct
[    0.000000] Linux version 4.4.0-96-generic (buildd@lgw01-10) (gcc version 5.4.0 20160609 (Ubuntu 5.4.0-6uun1~16.04.4) ) #119-Ubuntu SMP Tue Sep 12 14:59:54 UTC 2017 (Ubuntu 4.4.0-96.11-geric4..83)
[    0.000000] Command line: BOOT_IMAGE=/boot/vmlinuz-4.4.0-96-generic root=LABEL=cloudimg-rootf r conso=ty1 console=ttyS0
[    0.000000] KERNEL supported cpus:
[    0.000000]   Intel GenuineIntel
[    0.000000] AD AuthenticA
[    0.00000]   Centr entaurHas
[    0.00000] x/fu: xstae_fst[2] 5, xste_sizs[2]: 26[   .0000]x8/f: Supoing SAV fature 0x01: 'x87 floating point registers'
[    00000] x6/pu Supporting XSAVE feature 0x02: 'SSE registers'
[    0.000000] x86/puSupporting XSAVE eaur 0x04: 'AVX registers'
[   0.000000] x86/fpu: Enabled xstate features 0x7, contxt size is 832 bytes, using 'standard' format.
[    0.000000] x86/fpu: Using 'zyFPU context switches.
[    0.000000] e820: BIOS-pvide physical RAM map:
[    0.000000] BIOS-e820: [mem 0x0000000000000000-0x000000000009fbff] usable
[    0.000000] BIOS-e820: [mem 0x000000000009fc00-0x000000000009ffff] reservd[    0.0000]BIOS-e820: [mem 0x0000000000f00-x00000000000ff] reserved[    0000] BS-820: [mem 0x0000000000100000-0x000000001ffeffff] usable
[    0.000000] BIOS-e820: [mem 0x000000001fff0000-0x000000001fffffff] ACPI data
[   00000BIS-e820: [mem 000000fc00-0x0000fffffff] resve
[    0.000000] NXX (Execute Disable) prottio: active
[    0.000000] SMBIOS 2.5 present.
[    0.000000] Hypervisor detected: KVM
[    0.000000] e820: last_pfn = 0x1fff0 maxrch_p = 0x400000
[    0.000000] MTRR: Disabled
   00000 x6/PAT:TR disabld,skpingPA iitalizti to.
[  000000] CU RRs all blank - virtualized system.
[    0.000000] x86/PAT: Configuration 0-: WB  WT U U  B T UC U 
[   00000] funSMP P-bl at [mem0x09ff0-009ffff] mapped atffff800009fff0]
[    0.0000] Sanning 1 aras for low memory corruption
[   .00000]RAISK: [mem0xedb0000-0x1f83bfff]
[    0.000000] AI:Early tab ccksum verification disabled
[    0.000000] ACPI: RSDP 0x00000000000E0000 00024 (v02 VBOX  )
[    0.000000] ACPI: XSDT 0x0000001FFF000 003C (1 OX   OXDT 0000001 ASL  00000061)
[    0.000000] AI:FACP 0000001FFF00F0 0000F4 (v04 VBOX   VBOXFACP 00000001 ASL  00000061)
[    0.000000] ACPI: DSDT 0x000000001FFF0470 002118 (v01 VBOX   VBOXBIOS 0000000IN 201028
[    0.000000] AI:FAS 0000001FFF0200 000040
[    0.000000] ACPI: FACS 0x000000001FFF0200 000040
[    0.000000] ACPI: APIC 0x000000001FFF0240 00005C(v VOX   VBAPI 0000000 A  000001)
[   00000 ACPI: SSDT 0x00000001FFF02A0 0001CC (v01 VBOX   VBOXCPUT 00000002 INTL 20100528)
[    0.000000] No NUMA configuration found
[    0.000000] Faking a node at [mem x0000000000-0x00000fffff]
[   0.0000] ODE_DATA(0) allocated me 0ffeb0-01fff]
[   0.00000] kvm-clock: Using msrs 4b564d01 and 4b564d00
[    0.000000] kvm-cloc: cpu0,ms0:1ff301,prmarypuclck
[   00000] kvclk: uinsced offset of 3223955718 cycles
[    0.000000] clockourc km-clok:ask: 0xfffffffffffmax_cycle: 0xd42e4dffb, max_idle_ns: 881909183ns
[   00000] onrage:    00000]  D     [mem 00000000000-0x0000000ffffff]
[    0.000000]   DMA32    [mem 0x0000000001000000-0x00000001fefff
  0.0000   Normal   empty
[    0.000000]   Deic  empt
   00000 Movble zone start for echnode
  0.0000] rly memor ne raes
[   0.0000]   node   0: [mem 0x0000000000001000-0x000000000009efff]
[    0.000000]    node   0: [mem 0x0000000000100000-0x000000001ffeffff]
[    0.000000] Initmem setup node 0 [mem 0x0000000000001000-0x000000001ffeffff]
[    0.000000] ACPI: PM-Timer IO Port: 0x4008
[    0.000000] IOAPIC[0]: apic_id 2, version 17, address 0xfec00000, GSI 0-23
[    0.000000] ACPI: INT_SRC_OVR (bus 0 bus_irq 0 global_irq 2 dfl d)
[  0.00000] ACPI: IN_S_OR (bu0 us_irq gobl_irq hh leel
[    0.00000] Usig PI(MADT f SP conigaton infrmion    0.000000smpboot Allowing 2 CPUs, 0 hotplug CPUs
[    0.000000] PM: Registered nosave memory: [mem 0x00000000-0x00000fff]
[    0.000000] PM: Registerd nosave memory: [mem 0x0009f000-0x0009ffff]
[    0.000000] M:Registered ose emory: [memx000a0000-0x000effff]
[    0.000000] PM: Registered nosave memory: [mem 0x000f0000-0x000fffff]
[    0.000000 e820: [mem 0x20000000-0xfffbffff] available for PCI devices
[    0.000000] Booting paravirtualized kernel on KVM
[    0.000000] clocksource: refined-jiffies: mask: 0xffffffff ma_cycles: 0xffffffff, max_idle_ns: 764551600211568 ns
[    .00000] setup_percpu: NR_CPUS:512 nr_cpumask_bits:512 nr_cpu_ids:2 nr_node_ids:1
[    0.000000] PERCPU: Embedded 34 pages/cp @ffff88001fc00000 s98328 r812 d32744 u1048576
[    0.000000] PV qspinlock hash table entries: 256 (order: 0, 4096 bytes)
[    0.000000] Built 1 zonelists in Node order, mobility grouping on.  Total pages: 128889
[    0.000000] Policy zone: DMA32

[    0.000000] Kernel command line: BOOT_IMAGE=/boot/vmlinuz-4.4.0-96-generic root=LABEL=cloudimg-rootfs ro console=tty1 console=ttyS0
[    0.00000] PID hash table entries: 2048 (order: 2, 16384 bytes)
[    0.000000] Memory:485684K/523832K available (8479K kernel code, 1294K rwdata, 3984K rodata, 1492K init, 1316K bss, 38148K reserved, 0K cma-reserved)
[    0.000000] SLUB: HWalign=64, Order=0-3, MinObjects=0, CPUs=2, Nodes=1
[    0.000000 Hierarchical RCU implementation.
[    0.000000] 	Build-time adjustment of leaf fanout to 64.
[    0.000000] 	RCU restricting CPUs from NR_CPUS=512 to nr_cpu_ids=2.
[    0.000000] RCU: Adjusting geometry for rcu_fanout_leaf=64, nr_cpu_ids=2
[    0.000000] NR_IRQS:33024 nr_irqs:440 16
[    0.000000] Console: colour VGA+ 80x25
[    0.000000] console [tty1] enabled
[    0.000000] console [ttyS0] enabled
[    0.000000] tsc: Detected 2800.000 MHz processor
[    8.296802] Calibrating delay loop (skipped) preset value.. 5600.00 BogoMIPS (lpj=11200000)
[    8.313599] pid_max: default: 32768 minimum: 301
[    8.317367] ACPI: Core revision 20150930
[    8.327905] ACPI: 2 ACPI AML tables successfully acquired and loaded
[    8.335108] Security Framework initialized
[    8.336090] Yama: becoming mindful.
[    8.337065] AppArmor: AppArmor initialized
[    8.349264] Dentry cache hash table entries: 65536 (order: 7, 524288 bytes)
[    8.350827] Inode-cache hash table entries: 32768 (order: 6, 262144 bytes)
[    8.352412] Mount-cache hash table entries: 1024 (order: 1, 8192 bytes)
[    8.367399] Mountpoint-cache hash table entries: 1024 (order: 1, 8192 bytes)
[    8.373618] Initializing cgroup subsys io
[    8.391496] Initializing cgroup subsys memory
[    8.409747] Initializing cgroup subsys devices
[    8.422428] Initializing cgroup subsys freezer
[    8.423897] Initializing cgroup subsys net_cls
[    8.457378] Initializing cgroup subsys perf_event
[    8.505218] Initializing cgroup subsys net_prio
[    8.506712] Initializing cgroup subsys hugetlb
[    8.542850] Initializing cgroup subsys pids
[    8.555646] CPU: Physical Processor ID: 0
[    8.565075] CPU: Processor Core ID: 0
[    8.566866] mce: CPU supports 0 MCE banks
[    8.567997] Last level iTLB entries: 4KB 1024, 2MB 1024, 4MB 1024
[    8.589144] Last level dTLB entries: 4KB 1024, 2MB 1024, 4MB 1024, 1GB 4
[    8.594260] Freeing SMP alternatives memory: 32K
[    8.618265] ftrace: allocating 32146 entries in 126 pages
[    8.706466] smpboot: APIC(0) Converting physical 0 to logical package 0
[    8.710340] smpboot: Max logical packages: 1
[    8.719041] ..TIMER: vector=0x30 apic1=0 pin1=2 apic2=-1 pin2=-1
[    8.828823] smpboot: CPU0: Intel(R) Core(TM) i5-4308U CPU @ 2.80GHz (family: 0x6, model: 0x45, stepping: 0x1)
[    8.942444] Performance Events: unsupported p6 CPU model 69 no PMU driver, software events only.
[    8.944781] KVM setup paravirtual spinlock
[    8.946410] x86: Booting SMP configuration:
[    8.966479] .... node  #0, CPUs:      #1
[    9.028230] kvm-clock: cpu 1, msr 0:1ffe3041, secondary cpu clock
[    9.040171] mce: CPU supports 0 MCE banks
[    9.042685] x86: Booted up 1 node, 2 CPUs
[    9.059622] smpboot: Total of 2 processors activated (11200.00 BogoMIPS)
[    9.061509] devtmpfs: initialized
[    9.106326] evm: security.selinux
[    9.121879] evm: security.SMACK64
[    9.128339] evm: security.SMACK64EXEC
[    9.129239] evm: security.SMACK64TRANSMUTE
[    9.130205] evm: security.SMACK64MMAP
[    9.131274] evm: security.ima
[    9.132092] evm: security.capability
[    9.133242] clocksource: jiffies: mask: 0xffffffff max_cycles: 0xffffffff, max_idle_ns: 7645041785100000 ns
[    9.135667] futex hash table entries: 512 (order: 3, 32768 bytes)
[    9.138503] pinctrl core: initialized pinctrl subsystem
[    9.145827] RTC time:  0:23:51, date: 10/02/17
[    9.147109] NET: Registered protocol family 16
[    9.159961] cpuidle: using governor ladder
[    9.179344] cpuidle: using governor menu
[    9.185299] PCCT header not found.
[    9.189125] ACPI: bus type PCI registered
[    9.197050] acpiphp: ACPI Hot Plug PCI Controller Driver version: 0.5
[    9.207945] PCI: Using configuration type 1 for base access
[    9.233151] ACPI: Added _OSI(Module Device)
[    9.242568] ACPI: Added _OSI(Processor Device)
[    9.256870] ACPI: Added _OSI(3.0 _SCP Extensions)
[    9.262864] ACPI: Added _OSI(Processor Aggregator Device)
[    9.270400] ACPI: Executed 1 blocks of module-level executable AML code
[    9.319286] ACPI: Interpreter enabled
[    9.349555] ACPI: (supports S0 S5)
[    9.350497] ACPI: Using IOAPIC for interrupt routing
[    9.351894] PCI: Using host bridge windows from ACPI; if necessary, use "pci=nocrs" and report a bug
[    9.406901] ACPI: PCI Root Bridge [PCI0] (domain 0000 [bus 00-ff])
[    9.464898] acpi PNP0A03:00: _OSC: OS supports [ASPM ClockPM Segments MSI]
[    9.506022] acpi PNP0A03:00: _OSC failed (AE_NOT_FOUND); disabling ASPM
[    9.515775] acpi PNP0A03:00: fail to add MMCONFIG information, can't access extended PCI configuration space under this bridge.
[    9.553465] PCI host bridge to bus 0000:00
[    9.567102] pci_bus 0000:00: root bus resource [io  0x0000-0x0cf7 window]
[    9.568560] pci_bus 0000:00: root bus resource [io  0x0d00-0xffff window]
[    9.581087] pci_bus 0000:00: root bus resource [mem 0x000a0000-0x000bffff window]
[    9.641067] pci_bus 0000:00: root bus resource [mem 0x20000000-0xffdfffff window]
[    9.728174] pci_bus 0000:00: root bus resource [bus 00-ff]
[    9.733922] pci 0000:00:01.1: legacy IDE quirk: reg 0x10: [io  0x01f0-0x01f7]
[    9.749153] pci 0000:00:01.1: legacy IDE quirk: reg 0x14: [io  0x03f6]
[    9.794853] pci 0000:00:01.1: legacy IDE quirk: reg 0x18: [io  0x0170-0x0177]
[    9.825878] pci 0000:00:01.1: legacy IDE quirk: reg 0x1c: [io  0x0376]
[    9.857504] ACPI: PCI Interrupt Link [LNKA] (IRQs 5 9 10 11) *0, disabled.
[    9.877287] ACPI: PCI Interrupt Link [LNKB] (IRQs 5 9 10 *11)
[    9.886444] ACPI: PCI Interrupt Link [LNKC] (IRQs 5 9 *10 11)
[    9.902277] ACPI: PCI Interrupt Link [LNKD] (IRQs 5 *9 10 11)
[    9.905383] ACPI: Enabled 2 GPEs in block 00 to 07
[    9.934852] vgaarb: setting as boot device: PCI:0000:00:02.0
[    9.941693] vgaarb: device added: PCI:0000:00:02.0,decodes=io+mem,owns=io+mem,locks=none
[    9.946409] vgaarb: loaded
[    9.966383] vgaarb: bridge control possible 0000:00:02.0
[    9.983939] SCSI subsystem initialized
[    9.985098] ACPI: bus type USB registered
[    9.990552] usbcore: registered new interface driver usbfs
[   10.039710] usbcore: registered new interface driver hub
[   10.041160] usbcore: registered new device driver usb
[   10.062194] PCI: Using ACPI for IRQ routing
[   10.072930] NetLabel: Initializing
[   10.110565] NetLabel:  domain hash size = 128
[   10.138931] NetLabel:  protocols = UNLABELED CIPSOv4
[   10.140429] NetLabel:  unlabeled traffic allowed by default
[   10.204934] amd_nb: Cannot enumerate AMD northbridges
[   10.252845] clocksource: Switched to clocksource kvm-clock
[   0.3043]ApArmor: AppArmor Filsystemnale
[   0.098]pnp: PnP ACPI init
[ 1074558] pnp: PnP ACPI: fun 3 devices

[ 10393]losorc: cppmma: xffff axcyes: 0xffffff, max_idle_ns: 2085701024 ns
[   11.587543] NET: Registered protocol family 2

[  1.87] TCP established hash table entries: 4096 (order: 3, 32768 bytes)
[   11.747943] TCP bind hash table entries: 4096 (order: 4, 65536 bytes)
[   11.751136] TCP: Hash tables configured (established 4096 bind 4096)
[   11.754199] UDP hash table entries: 256 (order: 1, 8192 bytes)
[   11.768615] UDP-Lite hash table entries: 256 (order: 1, 8192 bytes)
[   11.770467] NET: Registered protocol family 1
[  11.772221] pci 0000:00:00.0: Limiting direct PCI/PCI transfers
[   11.802895] pci 0000:00:01.0: Activating ISA DMA hang workarounds
[   11.8445] Unpacking initramfs...

[   13.861769] Freeing initrd memory: 10800K
[   13.879968] RAPL PMU detected, API unit is 2^-32 Joules, 4 fixed counters 10737418240 ms ovfl timer
[   13.882627] hw unit of domain pp0-core 2^-0 Joules
[   13.890567] hw unit of domain package 2^-0 Joules
[   13.891767] hw unit of domain dram 2^-0 Joules
[   13.925255] hw unit of domain pp1-gpu 2^-0 Joules
[   13.977421] platform rtc_cmos: registered platform RTC device (no PNP device found)
[   13.979592] Scanning for low memory corruption every 60 seconds
[   13.981767] audit: initializing netlink subsys (disabled)
[   14.012857] audit: type=2000 audit(1506903831.058:1): initialized
[   14.034570] Initialise system trusted keyring
[   14.046044] HugeTLB registered 2 MB page size, pre-allocated 0 pages
[   14.060333] zbud: loaded
[   14.061716] VFS: Disk quotas dquot_6.6.0
[   14.085540] VFS: Dquot-cache hash table entries: 512 (order 0, 4096 bytes)
[   14.096255] squashfs: version 4.0 (2009/01/31) Phillip Lougher
[   14.142474] fuse init (API version 7.23)
[   14.166699] Key type big_key registered
[   14.189800] Allocating IMA MOK and blacklist keyrings.
[   14.201317] Key type asymmetric registered
[   14.207365] Asymmetric key parser 'x509' registered
[   14.233073] Block layer SCSI generic (bsg) driver version 0.4 loaded (major 249)
[   14.244307] io scheduler noop registered
[   14.258550] io scheduler deadline registered (default)
[   14.273947] io scheduler cfq registered
[   14.291683] pci_hotplug: PCI Hot Plug PCI Core version: 0.5
[   14.297221] pciehp: PCI Express Hot Plug Controller Driver version: 0.4
[   14.380442] ACPI: AC Adapter [AC] (off-line)
[   14.407701] input: Power Button as /devices/LNXSYSTM:00/LNXPWRBN:00/input/input0
[   14.411484] ACPI: Power Button [PWRF]
[   14.432864] input: Sleep Button as /devices/LNXSYSTM:00/LNXSLPBN:00/input/input1
[   14.524318] ACPI: Sleep Button [SLPF]
[   14.549715] ACPI: Battery Slot [BAT0] (battery present)
[   14.592031] GHES: HEST is not enabled!
[   14.605851] Serial: 8250/16550 driver, 32 ports, IRQ sharing enabled
[   14.629222] 00:02: ttyS0 at I/O 0x3f8 (irq = 4, base_baud = 115200) is a 16550A
[   14.687189] Linux agpgart interface v0.103
[   14.690609] loop: module loaded
[   14.724068] scsi host0: ata_piix
[   14.762432] scsi host1: ata_piix
[   14.767383] ata1: PATA max UDMA/33 cmd 0x1f0 ctl 0x3f6 bmdma 0xd000 irq 14
[   14.800569] ata2: PATA max UDMA/33 cmd 0x170 ctl 0x376 bmdma 0xd008 irq 15
[   14.819804] libphy: Fixed MDIO Bus: probed
[   14.843260] tun: Universal TUN/TAP device driver, 1.6
[   14.864010] tun: (C) 1999-2004 Max Krasnyansky <maxk@qualcomm.com>
[   14.883030] PPP generic driver version 2.4.2
[   14.896187] ehci_hcd: USB 2.0 'Enhanced' Host Controller (EHCI) Driver
[   14.897948] ehci-pci: EHCI PCI platform driver
[   14.924439] ehci-platform: EHCI generic platform driver
[   14.926164] ohci_hcd: USB 1.1 'Open' Host Controller (OHCI) Driver
[   14.951518] ohci-pci: OHCI PCI platform driver
[   14.967367] ohci-platform: OHCI generic platform driver
[   14.968570] uhci_hcd: USB Universal Host Controller Interface driver
[   14.980873] tsc: Refined TSC clocksource calibration: 2799.680 MHz
[   14.982278] clocksource: tsc: mask: 0xffffffffffffffff max_cycles: 0x285b1245a41, max_idle_ns: 440795243822 ns
[   14.982435] i8042: PNP: PS/2 Controller [PNP0303:PS2K,PNP0f03:PS2M] at 0x60,0x64 irq 1,12
[   14.982988] serio: i8042 KBD port at 0x60,0x64 irq 1
[   14.982993] serio: i8042 AUX port at 0x60,0x64 irq 12
[   15.081080] mousedev: PS/2 mouse device common for all mice
[   15.3899int: AT Tranlad t keoa a /deveslaor/i8042/seo0np/iut
[ 15991541] rtc_cmos rtc_cmos: rtc core: registered rtc_cmos as rtc0
[   16.158976] rtc_cmos rtc_cmos: alarms up to one day, 114 bytes nvram
[   16.193272] i2c /dev entries driver
[   16.211462] device-mapper: uevent: version 1.0.3
[   16.239568] device-mapper: ioctl: 4.34.0-ioctl (2015-10-28) initialised: dm-devel@redhat.com
[   16.254340] ledtrig-cpu: registered to indicate activity on CPUs
[   16.256578] NET: Registered protocol family 10
[   16.324653] NET: Registered protocol family 17
[   16.377312] Key type dns_resolver registered
[   16.409486] microcode: CPU0 sig=0x40651, pf=0x40, revision=0x0
[   16.457554] microcode: CPU1 sig=0x40651, pf=0x40, revision=0x0
[   16.502170] microcode: Microcode Update Driver: v2.01 <tigran@aivazian.fsnet.co.uk>, Peter Oruba
[   16.547357] registered taskstats version 1
[   16.550746] Loading compiled-in X.509 certificates
[   16.552427] Loaded X.509 cert 'Build time autogenerated kernel key: b1a6ea8776bed2812c00d8a799f968274ef48628'
[   16.659310] zswap: loaded using pool lzo/zbud
[   16.715149] Key type trusted registered
[   16.746302] Key type encrypted registered
[   16.788547] AppArmor: AppArmor sha1 policy hashing enabled
[   16.906540] ima: No TPM chip found, activating TPM-bypass!
[   16.964839] evm: HMAC attrs: 0x1
[   16.992931]   Magic number: 5:991:353
[   16.997718] rtc_cmos rtc_cmos: setting system clock to 2017-10-02 00:23:59 UTC (1506903839)
[   17.014000] BIOS EDD facility v0.16 2004-Jun-25, 0 devices found
[   17.024318] EDD information not available.
[   17.030146] Freeing unused kernel memory: 1492K
[   17.031463] Write protecting the kernel read-only data: 14336k
[   17.057543] Freeing unused kernel memory: 1748K
[   17.063007] Freeing unused kernel memory: 112K
Loading, please wait...
[   17.089699] random: systemd-udevd: uninitialized urandom read (16 bytes read, 3 bits of entropy available)
starting version 229
[   17.090380] random: udevadm: uninitialized urandom read (16 bytes read, 3 bits of entropy available)
[   17.090429] random: udevadm: uninitialized urandom read (16 bytes read, 3 bits of entropy available)
[   17.090590] random: udevadm: uninitialized urandom read (16 bytes read, 3 bits of entropy available)
[   17.090654] random: udevadm: uninitialized urandom read (16 bytes read, 3 bits of entropy available)
[   17.090713] random: udevadm: uninitialized urandom read (16 bytes read, 3 bits of entropy available)
[   17.090984] random: udevadm: uninitialized urandom read (16 bytes read, 3 bits of entropy available)
[   17.091087] random: udevadm: uninitialized urandom read (16 bytes read, 3 bits of entropy available)
[   17.091161] random: udevadm: uninitialized urandom read (16 bytes read, 3 bits of entropy available)
[   17.091225] random: udevadm: uninitialized urandom read (16 bytes read, 3 bits of entropy available)
[   17.462612] e1000: Intel(R) PRO/1000 Network Driver - version 7.3.21-k8-NAPI
[   17.470423] e1000: Copyright (c) 1999-2006 Intel Corporation.
[   17.475741] Fusion MPT base driver 3.04.20
[   17.482741] Copyright (c) 1999-2008 LSI Corporation
[   17.489405] Fusion MPT SPI Host driver 3.04.20
[   17.525390] AVX version of gcm_enc/dec engaged.
[   17.527648] AES CTR mode by8 optimization enabled
[   17.713715] input: ImExPS/2 Generic Explorer Mouse as /devices/platform/i8042/serio1/input/input4
[   17.841300] e1000 0000:00:03.0 eth0: (PCI:33MHz:32-bit) 02:dc:25:78:06:25
[   17.926140] e1000 0000:00:03.0 eth0: Intel(R) PRO/1000 Network Connection
[   17.983068] mptbase: ioc0: Initiating bringup
[   18.441911] ioc0: LSI53C1030 A0: Capabilities={Initiator}
[   18.843726] scsi host2: ioc0: LSI53C1030 A0, FwRev=00000000h, Ports=1, MaxQ=256, IRQ=20
[   19.090274] scsi 2:0:0:0: Direct-Access     VBOX     HARDDISK         1.0  PQ: 0 ANSI: 5
[   19.182577] scsi target2:0:0: Beginning Domain Validation
[   19.207211] scsi target2:0:0: Domain Validation skipping write tests
[   19.238719] scsi target2:0:0: Ending Domain Validation
[   19.582486] scsi target2:0:0: asynchronous
[   19.589077] scsi 2:0:1:0: Direct-Access     VBOX     HARDDISK         1.0  PQ: 0 ANSI: 5
[   19.591089] scsi target2:0:1: Beginning Domain Validation
[   19.594378] scsi target2:0:1: Domain Validation skipping write tests
[   19.596635] scsi target2:0:1: Ending Domain Validation
[   19.597705] scsi target2:0:1: asynchronous
[   19.621514] sd 2:0:0:0: Attached scsi generic sg0 type 0
[   19.623997] sd 2:0:0:0: [sda] 20971520 512-byte logical blocks: (10.7 GB/10.0 GiB)
[   19.636991] sd 2:0:1:0: Attached scsi generic sg1 type 0
[   19.638430] sd 2:0:1:0: [sdb] 20480 512-byte logical blocks: (10.5 MB/10.0 MiB)
[   19.640958] sd 2:0:0:0: [sda] Write Protect is off
[   19.642389] sd 2:0:1:0: [sdb] Write Protect is off
[   19.644672] sd 2:0:0:0: [sda] Incomplete mode parameter data
[   19.646086] sd 2:0:0:0: [sda] Assuming drive cache: write through
[   19.647638] sd 2:0:1:0: [sdb] Incomplete mode parameter data
[   19.649051] sd 2:0:1:0: [sdb] Assuming drive cache: write through
[   19.653494]  sda: sda1
[   19.655558] sd 2:0:1:0: [sdb] Attached SCSI disk
[   19.662285] sd 2:0:0:0: [sda] Attached SCSI disk
[   19.927116] e1000 0000:00:08.0 eth1: (PCI:33MHz:32-bit) 08:00:27:1b:a0:0c
[   19.993912] e1000 0000:00:08.0 eth1: Intel(R) PRO/1000 Network Connection
[   19.996292] e1000 0000:00:03.0 enp0s3: renamed from eth0
[   20.069713] e1000 0000:00:08.0 enp0s8: renamed from eth1
[   20.543557] floppy0: no floppy controllers found
Begin: Loading e[   21.927975] md: linear personality registered for level -1
ssential drivers ... [   21.941924] md: multipath personality registered for level -4
[   21.957895] md: raid0 personality registered for level 0
[   21.961961] md: raid1 personality registered for level 1
[   22.117264] raid6: sse2x1   gen()  9959 MB/s
[   22.213102] raid6: sse2x1   xor()  7304 MB/s
[   22.317204] raid6: sse2x2   gen() 10985 MB/s
[   22.437431] raid6: sse2x2   xor()  8053 MB/s
[   22.509415] raid6: sse2x4   gen() 13636 MB/s
[   22.620996] raid6: sse2x4   xor()  6412 MB/s
[   22.693615] raid6: using algorithm sse2x4 gen() 13636 MB/s
[   22.715457] raid6: .... xor() 6412 MB/s, rmw enabled
[   22.756686] raid6: using ssse3x2 recovery algorithm
[   22.776804] xor: automatically using best checksumming function:
[   22.829131]    avx       : 20683.000 MB/sec
[   22.864499] async_tx: api initialized (async)
[   22.905279] md: raid6 personality registered for level 6
[   22.909319] md: raid5 personality registered for level 5
[   22.910686] md: raid4 personality registered for level 4
[   22.917510] md: raid10 personality registered for level 10
done.
Begin: Running /scripts/init-premount ... done.
Begin: Mounting[   22.976161] Btrfs loaded
 root file system ... Begin: Running /scripts/local-top ... done.
Begin: Running /scripts/local-premount ... Scanning for Btrfs filesystems
done.
Warning: fsck no[   23.062498] EXT4-fs (sda1): mounted filesystem with ordered data mode. Opts: (null)
t present, so skipping root file system
done.
Begin: Running /scripts/local-bottom ... done.
Begin: Running /scripts/init-bottom ... done.
[   23.291791] systemd[1]: systemd 229 running in system mode. (+PAM +AUDIT +SELINUX +IMA +APPARMOR +SMACK +SYSVINIT +UTMP +LIBCRYPTSETUP +GCRYPT +GNUTLS +ACL +XZ -LZ4 +SECCOMP +BLKID +ELFUTILS +KMOD -IDN)
[   23.347955] systemd[1]: Detected virtualization oracle.
[   23.386052] systemd[1]: Detected architecture x86-64.

Welcome to [1mUbuntu 16.04.3 LTS[0m!

[   23.392429] systemd[1]: Set hostname to <ubuntu>.
[   23.404227] systemd[1]: Initializing machine ID from random generator.
[   23.499514] systemd[1]: Installed transient /etc/machine-id file.
[   23.772113] systemd[1]: Listening on /dev/initctl Compatibility Named Pipe.
[[0;32m  OK  [0m] Listening on /dev/initctl Compatibility Named Pipe.
[   23.838458] systemd[1]: Listening on LVM2 poll daemon socket.
[[0;32m  OK  [0m] Listening on LVM2 poll daemon socket.
[   23.849876] systemd[1]: Listening on Syslog Socket.
[[0;32m  OK  [0m] Listening on Syslog Socket.
[   23.860463] systemd[1]: Set up automount Arbitrary Executable File Formats File System Automount Point.
[[0;32m  OK  [0m] Set up automount Arbitrary Executab...ats File System Automount Point.
[   23.873958] systemd[1]: Listening on Journal Socket (/dev/log).
[[0;32m  OK  [0m] Listening on Journal Socket (/dev/log).
[   23.893967] systemd[1]: Listening on Journal Audit Socket.
[[0;32m  OK  [0m] Listening on Journal Audit Socket.
[   23.925643] systemd[1]: Listening on udev Control Socket.
[[0;32m  OK  [0m] Listening on udev Control Socket.
[   23.969231] systemd[1]: Started Trigger resolvconf update for networkd DNS.
[[0;32m  OK  [0m] Started Trigger resolvconf update for networkd DNS.
[   24.045834] systemd[1]: Listening on Device-mapper event daemon FIFOs.
[[0;32m  OK  [0m] Listening on Device-mapper event daemon FIFOs.
[   24.073430] systemd[1]: Reached target Swap.
[[0;32m  OK  [0m] Reached target Swap.
[   24.137467] systemd[1]: Reached target Encrypted Volumes.
[[0;32m  OK  [0m] Reached target Encrypted Volumes.
[   24.293409] systemd[1]: Started Forward Password Requests to Wall Directory Watch.
[[0;32m  OK  [0m] Started Forward Password Requests to Wall Directory Watch.
[   24.421750] systemd[1]: Created slice User and Session Slice.
[[0;32m  OK  [0m] Created slice User and Session Slice.
[   24.493514] systemd[1]: Listening on udev Kernel Socket.
[[0;32m  OK  [0m] Listening on udev Kernel Socket.
[   24.558064] systemd[1]: Listening on Journal Socket.
[[0;32m  OK  [0m] Listening on Journal Socket.
[   24.641997] systemd[1]: Created slice System Slice.
[[0;32m  OK  [0m] Created slice System Slice.
[   24.705171] systemd[1]: Starting Remount Root and Kernel File Systems...
[   24.709071] EXT4-fs (sda1): re-mounted. Opts: (null)
         Starting Remount Root and Kernel File Systems...
[   24.849487] systemd[1]: Created slice system-serial\x2dgetty.slice.
[[0;32m  OK  [0m] Created slice system-serial\x2dgetty.slice.
[   24.945219] systemd[1]: Starting Create list of required static device nodes for the current kernel...
         Starting Create list of required st... nodes for the current kernel...
[   25.021639] systemd[1]: Starting Set console keymap...
         Starting Set console keymap...
[   25.101432] systemd[1]: Mounting Huge Pages File System...
         Mounting Huge Pages File System...
[   25.208840] systemd[1]: Starting Load Kernel Modules...
[   25.226233] Loading iSCSI transpot la v0-0.
         Starting Load Kernel Mo[   25.474932] iscsi: registered transport (tcp)
dules...
[   25.529199] systemd[1]: Mounting POSIX Message Queue File System...
[   25.540243] random: nonblocking pool is initialized
         Mountin[   25.593501] iscsi: registered transport (iser)
g POSIX Message Queue File System...
[   25.661576] systemd[1]: Starting Nameserver information manager...
         Starting Nameserver information manager...
[   25.777515] systemd[1]: Starting Uncomplicated firewall...
         Starting Uncomplicated firewall...
[   25.876992] systemd[1]: Mounting Debug File System...
         Mounting Debug File System...
[   25.961620] systemd[1]: Starting Journal Service...
         Starting Journal Service...
[   26.010144] systemd[1]: Reached target User and Group Name Lookups.
[[0;32m  OK  [0m] Reached target User and Group Name Lookups.
[   26.028726] systemd[1]: Reached target Slices.
[[0;32m  OK  [0m] Reached target Slices.
[   26.035502] systemd[1]: Listening on LVM2 metadata daemon socket.
[[0;32m  OK  [0m] Listening on LVM2 metadata daemon socket.
[   26.065211] systemd[1]: Starting Monitoring of LVM2 mirrors, snapshots etc. using dmeventd or progress polling...
         Starting Monitoring of LVM2 mirrors... dmeventd or progress polling...
[   26.106139] systemd[1]: Mounted POSIX Message Queue File System.
[[0;32m  OK  [0m] Mounted POSIX Message Queue File System.
[   26.137611] systemd[1]: Mounted Debug File System.
[[0;32m  OK  [0m] Mounted Debug File System.
[   26.225377] systemd[1]: Mounted Huge Pages File System.
[[0;32m  OK  [0m] Mounted Huge Pages File System.
[   26.269745] systemd[1]: Started Journal Service.
[[0;32m  OK  [0m] Started Journal Service.
[[0;32m  OK  [0m] Started Remount Root and Kernel File Systems.
[[0;32m  OK  [0m] Started Create list of required sta...ce nodes for the current kernel.
[[0;32m  OK  [0m] Started Set console keymap.
[[0;32m  OK  [0m] Started Load Kernel Modules.
[[0;32m  OK  [0m] Started Uncomplicated firewall.
[[0;32m  OK  [0m] Started Nameserver information manager.
[[0;32m  OK  [0m] Started LVM2 metadata daemon.
         Mounting FUSE Control File System...
         Starting Apply Kernel Variables...
         Starting Create Static Device Nodes in /dev...
         Starting udev Coldplug all Devices...
         Starting Load/Save Random Seed...
         Starting Initial cloud-init job (pre-networking)...
         Starting Flush Journal to Persistent Storage...
[[0;32m  OK  [0m] Mounted FUSE Control File System.
[[0;32m  OK  [0m] Started Monitoring of LVM2 mirrors,...ng dmeventd or progress polling.
[[0;32m  OK  [0m] Started Apply Kernel Variables.
[[0;32m  OK  [0m] Started Create Static Device Nodes in /dev.
[[0;32m  OK  [0m] Started Load/Save Random Seed.
[[0;32m  OK  [0m] Started udev Coldplug all Devices.
[[0;32m  OK  [0m] Started Flush Journal to Persistent Storage.
         Starting udev Kernel Device Manager...
[[0;32m  OK  [0m] Started udev Kernel Device Manager.
[[0;32m  OK  [0m] Reached target Local File Systems (Pre).
[[0;32m  OK  [0m] Reached target Local File Systems.
         Starting LSB: AppArmor initialization...
         Starting Create Volatile Files and Directories...
         Starting Set console font and keymap...
         Starting Commit a transient machine-id on disk...
         Starting Tell Plymouth To Write Out Runtime Data...
[[0;32m  OK  [0m] Started Dispatch Password Requests to Console Directory Watch.
[[0;32m  OK  [0m] Started Create Volatile Files and Directories.
[[0;32m  OK  [0m] Started Commit a transient machine-id on disk.
[[0;32m  OK  [0m] Started Tell Plymouth To Write Out Runtime Data.
[[0;32m  OK  [0m] Found device /dev/ttyS0.
         Starting Update UTMP about System Boot/Shutdown...
[[0;32m  OK  [0m] Reached target System Time Synchronized.
[[0;32m  OK  [0m] Started Update UTMP about System Boot/Shutdown.
[[0;32m  OK  [0m] Listening on Load/Save RF Kill Switch Status /dev/rfkill Watch.
[   18.944211] cloud-init[455]: Cloud-init v. 0.7.9 running 'init-local' at Mon, 02 Oct 2017 00:24:10 +0000. Up 18.44 seconds.
[[0;32m  OK  [0m] Started Initial cloud-init job (pre-networking).
[[0;32m  OK  [0m] Started LSB: AppArmor initialization.
[[0;32m  OK  [0m] Reached target Network (Pre).
         Starting Raise network interfaces...
[[0;32m  OK  [0m] Started Set console font and keymap.
[[0;32m  OK  [0m] Created slice system-getty.slice.
[[0;32m  OK  [0m] Started Raise network interfaces.
[[0;32m  OK  [0m] Reached target Network.
         Starting Initial cloud-init job (metadata service crawler)...
[   22.390590] cloud-init[951]: Cloud-init v. 0.7.9 running 'init' at Mon, 02 Oct 2017 00:24:13 +0000. Up 21.36 seconds.
[   22.520608] cloud-init[951]: ci-info: +++++++++++++++++++++++++++++++++++++Net device info++++++++++++++++++++++++++++++++++++++
[[0;32m  OK  [0m] Started Initial cloud-init job (metadata service crawler).
[[   22.530719] cloud-init[951]: ci-info: +--------+-------+---------------------------+---------------+-------+-------------------+
[   22.583978] cloud-init[951]: ci-info: | Device |   Up  |          Address          |      Mask     | Scope |     Hw-Address    |
[0;32m  OK  [0m] Reached target Network is Online.
[   22.584558] cloud-init[951]: ci-info: +--------+-------+---------------------------+---------------+-------+-------------------+
[   22.889608] cloud-init[951]: ci-info: |   lo   |  True |         127.0.0.1         |   255.0.0.0   |   .   |         .         |
[   22.890386] cloud-init[951]: ci-info: |   lo   |  True |          ::1/128          |       .       |  host |         .         |
         Starting iSCSI initiator daemon (iscsid)...
[   22.890563] cloud-init[951]: ci-info: | enp0s8 | False |             .             |       .       |   .   | 08:00:27:1b:a0:0c |
[   23.038866] cloud-init[951]: ci-info: | enp0s3 |  True |         10.0.2.15         | 255.255.255.0 |   .   | 02:dc:25:78:06:25 |
[[0;32m  OK  [0m] Reached target System Initialization.
[[   23.039704] cloud-init[951]: ci-info: | enp0s3 |  True | fe80::dc:25ff:fe78:625/64 |       .       |  link | 02:dc:25:78:06:25 |
[   23.105371] cloud-init[951]: ci-info: +--------+-------+---------------------------+---------------+-------+-------------------+
[0;32m  OK  [0m] Started Timer to automatically refresh installed snaps.
[   23.105456] cloud-init[951]: ci-info: +++++++++++++++++++++++++++Route IPv4 info++++++++++++++++++++++++++++
[   23.203070] cloud-init[951]: ci-info: +-------+-------------+----------+---------------+-----------+-------+
[   23.203468] cloud-init[951]: ci-info: | Route | Destination | Gateway  |    Genmask    | Interface | Flags |
[   23.203697] cloud-init[951]: ci-info: +-------+-------------+----------+---------------+-----------+-------+
[   23.203925] cloud-init[951]: ci-info: |   0   |   0.0.0.0   | 10.0.2.2 |    0.0.0.0    |   enp0s3  |   UG  |
[[0;32m  OK  [0m] Listening on UUID daemon activation socket.
[   23.204170] cloud-init[951]: ci-info: |   1   |   10.0.2.0  | 0.0.0.0  | 255.255.255.0 |   enp0s3  |   U   |
[   23.465970] cloud-init[951]: ci-info: +-------+-------------+----------+---------------+-----------+-------+
         Starting LXD - unix socket.
[   23.466635] cloud-init[951]: Generating public/private rsa key pair.
[   23.556116] cloud-init[951]: Your identification has been saved in /etc/ssh/ssh_host_rsa_key.
[[0;32m  OK  [0m] Listening on D-Bus System Message Bus Socket.
[   23.556207] cloud-init[951]: Your public key has been saved in /etc/ssh/ssh_host_rsa_key.pub.
[   23.768692] cloud-init[951]: The key fingerprint is:
[   23.769245] cloud-init[951]: SHA256:u78E25mcYeCwWQNoBJZYnHPZmg753ivBreDrYKRYuPk root@ubuntu-xenial
         Starting Socket activation for snappy daemon.
[   23.769379] cloud-init[951]: The key's randomart image is:
[   23.916906] cloud-init[951]: +---[RSA 2048]----+
[[0;32m  OK  [0m] Started ACPI Events Check.
[   23.917227] cloud-init[951]: | ++=.+.          |
[   24.016906] cloud-init[951]: |..= = ..         |
[[   24.017261] [0;32m  OK  [0mcloud-init] [951]: Reached target Paths.|   = o. +        |

[[   24.017539] cloud-init[951]: | .o o  * o       |
[   24.133946] cloud-init[951]: |...= .o S o      |
[0;32m  OK  [0m] Listening on ACPID Listen Socket.
[[   24.134036] cloud-init[951]: |++. = .  B =     |
[   24.213509] cloud-init[951]: |*o o +  o B      |
[0;32m  OK  [0m] Started Daily Cleanup of Temporary Directories.
[[   24.213610] cloud-init[951]: |.o. + .  o       |
[   24.248488] cloud-init[951]: | .E. .....o.     |
[   24.248673] cloud-init[951]: +----[SHA256]-----+
[   24.248959] cloud-init[951]: Generating public/private dsa key pair.
[0;32m  OK  [0m] Started Daily apt download activities.
[[   24.249120] cloud-init[951]: Your identification has been saved in /etc/ssh/ssh_host_dsa_key.
[   24.334589] cloud-init[951]: Your public key has been saved in /etc/ssh/ssh_host_dsa_key.pub.
[   24.334791] cloud-init[951]: The key fingerprint is:
[   24.335080] cloud-init[951]: SHA256:rmqgyMBKXSBXgM7JfgCYfrY0ljQliyd7wtExct4QAZw root@ubuntu-xenial
[0;32m  OK  [0m] Started Daily apt upgrade and clean activities.
[[   24.335338] cloud-init[951]: The key's randomart image is:
[   24.427214] cloud-init[951]: +---[DSA 1024]----+
[0;32m  OK  [0m] Started Timer to automatically fetch and run repair assertions.
[   24.427638] cloud-init[951]: |o++X*o           |
[   24.482148] cloud-init[951]: |+E*=B            |
[[0;32m  OK  [0m] Reached target Timers.
[   24.482302] cloud-init[951]: |*+==+.           |
[   24.498321] cloud-init[951]: |.B=B .           |
[   24.498472] cloud-init[951]: |o+B.+   S        |
[   24.498669] cloud-init[951]: |.+++   .         |
[   24.498868] cloud-init[951]: |*...    .        |
[   24.499064] cloud-init[951]: |+.  .  .         |
[   24.499267] cloud-init[951]: |   ....          |
[[0;32m  OK  [0m] Reached target Cloud-config availability.
[   24.499472] cloud-init[951]: +----[SHA256]-----+
[   24.561012] cloud-init[951]: Generating public/private ecdsa key pair.
[   24.561529] cloud-init[951]: Your identification has been saved in /etc/ssh/ssh_host_ecdsa_key.
[[0;32m  OK  [0m] Listening on LXD - unix socket.
[[   24.561868] cloud-init[951]: Your public key has been saved in /etc/ssh/ssh_host_ecdsa_key.pub.
[   24.733961] cloud-init[951]: The key fingerprint is:
[0;32m  OK  [0m] Listening on Socket activation for snappy daemon.
[[   24.734221] cloud-init[951]: SHA256:+zxpCFpETNNz6lofAC3TU0LSggWQZwNsp/yM0jg8sIc root@ubuntu-xenial
[   24.901713] cloud-init[951]: The key's randomart image is:
[0;32m  OK  [0m] Started iSCSI initiator daemon (iscsid).
[   24.901949] cloud-init[951]: +---[ECDSA 256]---+
[   25.113415] cloud-init[951]: | .o+.*=*o..      |
[   25.113811] cloud-init[951]: |  + * BoB..      |
         Starting Login to default iSCSI targets...
[[   25.114031] cloud-init[951]: | o = o = =       |
[   25.165092] cloud-init[951]: |. o   . o        |
[0;32m  OK  [0m] Reached target Sockets.
[   25.165230] cloud-init[951]: |o= + . .S.       |
[   25.234568] cloud-init[951]: |Eo+ o o o..      |
[[0;32m  OK  [0m] Reached target Basic System.
[   25.234725] cloud-init[951]: | +.  o +.o o     |
[   25.260937] cloud-init[951]: |    . . .o=      |
[   25.261457] cloud-init[951]: |         .o.     |
[[0;32m  OK  [0m] Started Deferred execution scheduler.
[   25.261656] cloud-init[951]: +----[SHA256]-----+
[   25.600613] cloud-init[951]: Generating public/private ed25519 key pair.
[   25.601036] cloud-init[951]: Your identification has been saved in /etc/ssh/ssh_host_ed25519_key.
         Starting /etc/rc.local Compatibility...
[   25.601263] cloud-init[951]: Your public key has been saved in /etc/ssh/ssh_host_ed25519_key.pub.
[   25.756611] cloud-init[951]: The key fingerprint is:
[   25.756973] cloud-init[951]: SHA256:/1Ic2BW24o/RVOeV30ORb6mt1N5yCDQ4vOANF5OaTkA root@ubuntu-xenial
         Starting System Logging Service...
[   25.757186] cloud-init[951]: The key's randomart image is:
[   26.008734] cloud-init[951]: +--[ED25519 256]--+
[   26.009404] cloud-init[951]: |     .E    .  ooB|
         Starting Login Service...
[[0;32m  OK  [0m[   26.009652] ] cloud-initStarted Unattended Upgrades Shutdown.[951]: 
|      .   +  ..Bo|
[[0;32m  OK  [0m] Started Regular background program processing daemon.
[   26.180642] cloud-init[951]: |       . + *..+ *|
         Starting Apply the settings specified in cloud-config...
[   26.279889] cloud-init[951]: |        * *.=+ o=|
[   26.567155] cloud-init[951]: |       +S= =oo=..|
[   26.576375] cloud-init[951]: |        o.o +* o |
[   26.597015] cloud-init[951]: |          ..o.+..|
[   26.597547] cloud-init[951]: |          .. .o.o|
[[0;32m  OK  [0m] Started FUSE filesystem for LXC.
[   26.599078] cloud-init[951]: |           ..  o |
[   26.646360] cloud-init[951]: +----[SHA256]-----+
[[0;32m  OK  [0m] Started D-Bus System Message Bus.
[[0;32m  OK  [0m] Started ACPI event daemon.
         Starting Snappy daemon...
         Starting LSB: MD monitoring daemon...
         Starting LSB: Record successful boot for GRUB...
         Starting Accounts Service...
         Starting Pollinate to seed the pseudo random number generator...
         Starting LXD - container startup/shutdown...
[[0;32m  OK  [0m] Started System Logging Service.
[[0;32m  OK  [0m] Started /etc/rc.local Compatibility.
[[0;32m  OK  [0m] Started LXD - container startup/shutdown.
[[0;32m  OK  [0m] Started Login to default iSCSI targets.
[[0;32m  OK  [0m] Started Snappy daemon.
[[0;32m  OK  [0m] Started LSB: MD monitoring daemon.
[[0;32m  OK  [0m] Started Login Service.
         Starting Authenticate and Authorize Users to Run Privileged Tasks...
         Starting Auto import assertions from block devices...
[[0;32m  OK  [0m] Reached target Remote File Systems (Pre).
[[0;32m  OK  [0m] Reached target Remote File Systems.
         Starting LSB: VirtualBox Linux Additions...
         Starting LSB: automatic crash report generation...
         Starting Permit User Sessions...
         Starting LSB: Set the CPU Frequency Scaling governor to "ondemand"...
         Starting LSB: daemon to balance interrupts for SMP systems...
[[0;32m  OK  [0m] Started LSB: Record successful boot for GRUB.
[[0;32m  OK  [0m] Started Auto import assertions from block devices.
[[0;32m  OK  [0m] Started Permit User Sessions.
[[0;32m  OK  [0m] Started Authenticate and Authorize Users to Run Privileged Tasks.
[[0;32m  OK  [0m] Started Accounts Service.
[[0;32m  OK  [0m] Started LSB: automatic crash report generation.
[[   27.602324] cloud-init[1066]: Generating locales (this might take a while)...
[0;32m  OK  [0m] Started LSB: Set the CPU Frequency Scaling governor to "ondemand".
         Starting Hold until boot process finishes up...
         Starting Terminate Plymouth Boot Screen...
[[0;32m  OK  [0m] Started LSB: VirtualBox Linux Additions.
[[0;32m  OK  [0m] Started LSB: daemon to balance interrupts for SMP systems.
[[0;32m  OK  [0m] Started Hold until boot process finishes up.
[[0;32m  OK  [0m] Started Terminate Plymouth Boot Screen.
[[0;32m  OK  [0m] Started Serial Getty on ttyS0.
[[0;32m  OK  [0m] Started Getty on tty1.
[[0;32m  OK  [0m] Reached target Login Prompts.
         Starting Set console scheme...
[[0;32m  OK  [0m] Started Set console scheme.
[[0;32m  OK  [0m] Started Pollinate to seed the pseudo random number generator.
         Starting OpenBSD Secure Shell server...
[[0;32m  OK  [0m] Started OpenBSD Secure Shell server.
[[0;32m  OK  [0m] Reached target Multi-User System.
[[0;32m  OK  [0m] Reached target Graphical Interface.
         Starting Update UTMP about System Runlevel Changes...
[[0;32m  OK  [0m] Started Update UTMP about System Runlevel Changes.
[   29.089168] cloud-init[1066]:   en_US.UTF-8... done
[   29.094238] cloud-init[1066]: Generation complete.
         Stopping OpenBSD Secure Shell server...
[[0;32m  OK  [0m] Stopped OpenBSD Secure Shell server.
         Starting OpenBSD Secure Shell server...
[[0;32m  OK  [0m] Started OpenBSD Secure Shell server.
[   29.809879] cloud-init[1066]: Cloud-init v. 0.7.9 running 'modules:config' at Mon, 02 Oct 2017 00:24:19 +0000. Up 27.24 seconds.
[[0;32m  OK  [0m] Created slice User Slice of ubuntu.
         Starting User Manager for UID 1000...
[[0;32m  OK  [0m] Started User Manager for UID 1000.
[[0;32m  OK  [0m] Started Apply the settings specified in cloud-config.
         Starting Execute cloud user/final scripts...
[[0;32m  OK  [0m] Started Session 1 of user ubuntu.
ci-info: no authorized ssh keys fingerprints found for user ubuntu.
<14>Oct  2 00:24:23 ec2: 
<14>Oct  2 00:24:23 ec2: #############################################################
<14>Oct  2 00:24:23 ec2: -----BEGIN SSH HOST KEY FINGERPRINTS-----
<14>Oct  2 00:24:23 ec2: 1024 SHA256:rmqgyMBKXSBXgM7JfgCYfrY0ljQliyd7wtExct4QAZw root@ubuntu-xenial (DSA)
<14>Oct  2 00:24:23 ec2: 256 SHA256:+zxpCFpETNNz6lofAC3TU0LSggWQZwNsp/yM0jg8sIc root@ubuntu-xenial (ECDSA)
<14>Oct  2 00:24:23 ec2: 256 SHA256:/1Ic2BW24o/RVOeV30ORb6mt1N5yCDQ4vOANF5OaTkA root@ubuntu-xenial (ED25519)
<14>Oct  2 00:24:23 ec2: 2048 SHA256:u78E25mcYeCwWQNoBJZYnHPZmg753ivBreDrYKRYuPk root@ubuntu-xenial (RSA)
<14>Oct  2 00:24:23 ec2: -----END SSH HOST KEY FINGERPRINTS-----
<14>Oct  2 00:24:23 ec2: #############################################################
-----BEGIN SSH HOST KEY KEYS-----
ecdsa-sha2-nistp256 AAAAE2VjZHNhLXNoYTItbmlzdHAyNTYAAAAIbmlzdHAyNTYAAABBBJW8uTlHL8KT5iEUq3wB4QhHUd7pVfc7n/lYxf5lX8hgohd30rkYydkNe1TxNfOdCcu1dxQTU2rxMpgTJ5fyKeY= root@ubuntu-xenial
ssh-ed25519 AAAAC3NzaC1lZDI1NTE5AAAAIPwh/jPwym3QrMG6bS9bmXu5aAfFH5I+giGHDuCYBlHO root@ubuntu-xenial
ssh-rsa AAAAB3NzaC1yc2EAAAADAQABAAABAQDEhu3eSvKCbvVrVUIFBo/ErCbAgi/W3w/emTLaubty5KO98vp7zUT2JoD+3CeFpiOimwFwYxBiKf83SzrJxpH4InvapUxfuxV5yFR3GgL1zCMtki5uVOCNj/eCw0PwPNtILP3l4AitQ+TRMormbY5qSi3RYyECkB7P7/MPIrGCIs5IjhFV3A2Szu4ULuXdXI/CsMeI3/CZCUzmnORzjzs63Bfl4Gj99t00vJVrAQZraEw6eZLW2Bj6yB5kXqP5pz0JbpZ9QUfXFfbjCjY3o6cbcoCFp5M2nxcB4T5+nh/irobwSlcKkk1aDvnvw5vPmOE4vxcEOfZkt3I/E0qATtD7 root@ubuntu-xenial
-----END SSH HOST KEY KEYS-----
[   31.208038] cloud-init[1332]: Cloud-init v. 0.7.9 running 'modules:final' at Mon, 02 Oct 2017 00:24:22 +0000. Up 30.51 seconds.
[   31.268636] cloud-init[1332]: ci-info: no authorized ssh keys fingerprints found for user ubuntu.
[   31.372525] cloud-init[1332]: Cloud-init v. 0.7.9 finished at Mon, 02 Oct 2017 00:24:23 +0000. Datasource DataSourceNoCloud [seed=/dev/sdb][dsmode=net].  Up 31.19 seconds
[[0;32m  OK  [0m] Started Execute cloud user/final scripts.
[[0;32m  OK  [0m] Reached target Cloud-init target.

Ubuntu 16.04.3 LTS ubuntu-xenial ttyS0

ubuntu-xenial login: 